<?xml version="1.0" encoding="UTF-8"?>
<!-- Generated by org.testng.reporters.JUnitReportReporter -->
<testsuite hostname="DESKTOP-URPPT5A" name="JSONserver.JSONserverget" tests="1" failures="0" timestamp="1 Jun 2018 02:41:03 GMT" time="2.007" errors="0">
  <testcase name="Get" time="2.007" classname="JSONserver.JSONserverget"/>
</testsuite> <!-- JSONserver.JSONserverget -->
