<?xml version="1.0" encoding="UTF-8"?>
<!-- Generated by org.testng.reporters.JUnitReportReporter -->
<testsuite hostname="DESKTOP-URPPT5A" name="com.apilearning.apilearning.Weatherapijson" tests="2" failures="0" timestamp="28 May 2018 06:50:18 GMT" time="4.299" errors="0">
  <testcase name="Jsonparsing" time="3.909" classname="com.apilearning.apilearning.Weatherapijson"/>
  <testcase name="StdJsonparsing" time="0.390" classname="com.apilearning.apilearning.Weatherapijson"/>
</testsuite> <!-- com.apilearning.apilearning.Weatherapijson -->
