<?xml version="1.0" encoding="UTF-8"?>
<!-- Generated by org.testng.reporters.JUnitReportReporter -->
<testsuite hostname="DESKTOP-URPPT5A" name="JSONserver.JSONpost" tests="1" failures="0" timestamp="1 Jun 2018 03:42:37 GMT" time="1.783" errors="0">
  <testcase name="retreive" time="1.783" classname="JSONserver.JSONpost"/>
</testsuite> <!-- JSONserver.JSONpost -->
