<?xml version="1.0" encoding="UTF-8"?>
<!-- Generated by org.testng.reporters.JUnitReportReporter -->
<testsuite hostname="DESKTOP-URPPT5A" name="JSONserver.JSONput" tests="1" failures="0" timestamp="1 Jun 2018 07:16:13 GMT" time="0.015" errors="0">
  <testcase name="putrequest" time="0.015" classname="JSONserver.JSONput"/>
</testsuite> <!-- JSONserver.JSONput -->
