<?xml version="1.0" encoding="UTF-8"?>
<!-- Generated by org.testng.reporters.JUnitReportReporter -->
<testsuite hostname="DESKTOP-URPPT5A" name="com.apilearning.apilearning.Weatherscript2" tests="1" failures="0" timestamp="28 May 2018 06:59:28 GMT" time="2.070" errors="0">
  <testcase name="Test_04" time="2.070" classname="com.apilearning.apilearning.Weatherscript2"/>
</testsuite> <!-- com.apilearning.apilearning.Weatherscript2 -->
