<?xml version="1.0" encoding="UTF-8"?>
<!-- Generated by org.testng.reporters.JUnitReportReporter -->
<testsuite hostname="DESKTOP-URPPT5A" name="JSONserver.Calculateresponsetime" tests="1" failures="0" timestamp="17 Jun 2018 12:33:17 GMT" time="2.148" errors="0">
  <testcase name="reponsetime" time="2.148" classname="JSONserver.Calculateresponsetime"/>
</testsuite> <!-- JSONserver.Calculateresponsetime -->
