<?xml version="1.0" encoding="UTF-8"?>
<!-- Generated by org.testng.reporters.JUnitReportReporter -->
<testsuite hostname="DESKTOP-URPPT5A" name="JSONserver.JSONpatch" tests="1" failures="0" timestamp="1 Jun 2018 07:32:17 GMT" time="2.743" errors="0">
  <testcase name="pathrequest" time="2.743" classname="JSONserver.JSONpatch"/>
</testsuite> <!-- JSONserver.JSONpatch -->
